python3 VGammaMeson_cat.py isGFtag isD0StarCat 10 2018

pass JSON : pass=17080269   all=17080269   -- eff=100.00 % cumulative eff=100.00 %
one good PV: pass=17080269   all=17080269   -- eff=100.00 % cumulative eff=100.00 %
photon from nano >0 and PV_npvsGood > 0: pass=16532789   all=17080269   -- eff=96.79 % cumulative eff=96.79 %
pass triggers: pass=119748     all=16532789   -- eff=0.72 % cumulative eff=0.70 %
At least one good Photon: pass=102014     all=119748     -- eff=85.19 % cumulative eff=0.60 %
nd0>0     : pass=61025      all=102014     -- eff=59.82 % cumulative eff=0.36 %
one good D0Star (ptPhi, validfit, ptTracks): pass=292        all=61025      -- eff=0.48 % cumulative eff=0.00 %
at least a good meson candidate: pass=292        all=292        -- eff=100.00 % cumulative eff=0.00 %
no leptons: pass=291        all=292        -- eff=99.66 % cumulative eff=0.00 %
0 or 1 jets (pt20, |eta|<4.7) or >=2 with dEta<3: pass=291        all=291        -- eff=100.00 % cumulative eff=0.00 %
10
/data/submit/pdmonte/D02/GJets_HT-40To100_TuneCP5_13TeV-madgraphMLM-pythia8+RunIISummer20UL18MiniAODv2-106X_upgrade2018_realistic_v16_L1v1*
490
490
17080269 entries in the dataset
lumi equivalent fb 0.7311633790517286
isData =  false
lumiIntegrated= 39.54  year= 2018
--------------
TRIGGER: HLT_Photon35_TwoProngs35
PHOTONS =  ((Photon_pt>30 and Photon_isScEtaEB and Photon_mvaID_WP90) or (Photon_pt>30 and Photon_isScEtaEE and Photon_mvaID_WP80)) and Photon_pt>38 and Photon_electronVeto and abs(Photon_eta)<2.1
----------------------
Good Omega:  (omega_iso > 0.9 && omega_kin_pt > 20)
----------------------
Good D0Star:  (d0_iso > 0.95 && d0_kin_pt > 40 && d0_pion_pt > 15 && d0_kaon_pt > 5 && abs(d0_kin_mass - 1.865) < 2*0.03)
MAY11/2018/outname_mc10_GFcat_D0StarCat_2018.root
snapshot_tdf DONE
MAY11/2018/outname_mc10_GFcat_D0StarCat_2018.root
---------------- SUMMARY -------------
