python3 VGammaMeson_cat.py isGFtag isD0StarCat 14 2018

pass JSON : pass=14785928   all=14785928   -- eff=100.00 % cumulative eff=100.00 %
one good PV: pass=14785928   all=14785928   -- eff=100.00 % cumulative eff=100.00 %
photon from nano >0 and PV_npvsGood > 0: pass=13372254   all=14785928   -- eff=90.44 % cumulative eff=90.44 %
pass triggers: pass=840363     all=13372254   -- eff=6.28 % cumulative eff=5.68 %
At least one good Photon: pass=673297     all=840363     -- eff=80.12 % cumulative eff=4.55 %
nd0>0     : pass=666220     all=673297     -- eff=98.95 % cumulative eff=4.51 %
one good D0Star (ptPhi, validfit, ptTracks): pass=21415      all=666220     -- eff=3.21 % cumulative eff=0.14 %
at least a good meson candidate: pass=21000      all=21415      -- eff=98.06 % cumulative eff=0.14 %
no leptons: pass=20554      all=21000      -- eff=97.88 % cumulative eff=0.14 %
0 or 1 jets (pt20, |eta|<4.7) or >=2 with dEta<3: pass=19034      all=20554      -- eff=92.60 % cumulative eff=0.13 %
14
/data/submit/pdmonte/D02/GJets_HT-600ToInf_TuneCP5_13TeV-madgraphMLM-pythia8+RunIISummer20UL18MiniAODv2-106X_upgrade2018_realistic_v16_L1v1*
550
550
14785928 entries in the dataset
lumi equivalent fb 135.5378088711422
isData =  false
lumiIntegrated= 39.54  year= 2018
--------------
TRIGGER: HLT_Photon35_TwoProngs35
PHOTONS =  ((Photon_pt>30 and Photon_isScEtaEB and Photon_mvaID_WP90) or (Photon_pt>30 and Photon_isScEtaEE and Photon_mvaID_WP80)) and Photon_pt>38 and Photon_electronVeto and abs(Photon_eta)<2.1
----------------------
Good Omega:  (omega_iso > 0.9 && omega_kin_pt > 20)
----------------------
Good D0Star:  (d0_iso > 0.9 && d0_kin_pt > 40 && d0_pion_pt > 5 && d0_kaon_pt > 5)
MAY10/2018/outname_mc14_GFcat_D0StarCat_2018.root
snapshot_tdf DONE
MAY10/2018/outname_mc14_GFcat_D0StarCat_2018.root
---------------- SUMMARY -------------
