python3 VGammaMeson_cat.py isGFtag isD0StarCat 12 2018

pass JSON : pass=43083372   all=43083372   -- eff=100.00 % cumulative eff=100.00 %
one good PV: pass=43083372   all=43083372   -- eff=100.00 % cumulative eff=100.00 %
photon from nano >0 and PV_npvsGood > 0: pass=40438885   all=43083372   -- eff=93.86 % cumulative eff=93.86 %
pass triggers: pass=984166     all=40438885   -- eff=2.43 % cumulative eff=2.28 %
At least one good Photon: pass=796145     all=984166     -- eff=80.90 % cumulative eff=1.85 %
nd0>0     : pass=721877     all=796145     -- eff=90.67 % cumulative eff=1.68 %
one good D0Star (ptPhi, validfit, ptTracks): pass=4936       all=721877     -- eff=0.68 % cumulative eff=0.01 %
at least a good meson candidate: pass=4907       all=4936       -- eff=99.41 % cumulative eff=0.01 %
no leptons: pass=4812       all=4907       -- eff=98.06 % cumulative eff=0.01 %
0 or 1 jets (pt20, |eta|<4.7) or >=2 with dEta<3: pass=4348       all=4812       -- eff=90.36 % cumulative eff=0.01 %
12
/data/submit/pdmonte/D02/GJets_HT-200To400_TuneCP5_13TeV-madgraphMLM-pythia8+RunIISummer20UL18MiniAODv2-106X_upgrade2018_realistic_v16_L1v1*
1274
1274
43083372 entries in the dataset
lumi equivalent fb 15.663377178631416
isData =  false
lumiIntegrated= 39.54  year= 2018
--------------
TRIGGER: HLT_Photon35_TwoProngs35
PHOTONS =  ((Photon_pt>30 and Photon_isScEtaEB and Photon_mvaID_WP90) or (Photon_pt>30 and Photon_isScEtaEE and Photon_mvaID_WP80)) and Photon_pt>38 and Photon_electronVeto and abs(Photon_eta)<2.1
----------------------
Good Omega:  (omega_iso > 0.9 && omega_kin_pt > 20)
----------------------
Good D0Star:  (d0_iso > 0.95 && d0_kin_pt > 40 && d0_pion_pt > 15 && d0_kaon_pt > 5 && abs(d0_kin_mass - 1.865) < 2*0.03)
MAY11/2018/outname_mc12_GFcat_D0StarCat_2018.root
snapshot_tdf DONE
MAY11/2018/outname_mc12_GFcat_D0StarCat_2018.root
---------------- SUMMARY -------------
