python3 VGammaMeson_cat.py isGFtag isOmegaCat 1040 2018

pass JSON : pass=439500     all=439500     -- eff=100.00 % cumulative eff=100.00 %
one good PV: pass=439500     all=439500     -- eff=100.00 % cumulative eff=100.00 %
photon from nano >0 and PV_npvsGood > 0: pass=402736     all=439500     -- eff=91.64 % cumulative eff=91.64 %
pass triggers: pass=103539     all=402736     -- eff=25.71 % cumulative eff=23.56 %
At least one good Photon: pass=92643      all=103539     -- eff=89.48 % cumulative eff=21.08 %
nomega>0  : pass=90926      all=92643      -- eff=98.15 % cumulative eff=20.69 %
one good Omega (ptPhi, validfit, ptTracks): pass=68802      all=90926      -- eff=75.67 % cumulative eff=15.65 %
at least a good meson candidate: pass=58381      all=68802      -- eff=84.85 % cumulative eff=13.28 %
no leptons: pass=57258      all=58381      -- eff=98.08 % cumulative eff=13.03 %
0 or 1 jets (pt20, |eta|<4.7) or >=2 with dEta<3: pass=53785      all=57258      -- eff=93.93 % cumulative eff=12.24 %
1040
/work/submit/mariadlf/Hrare/D02/2018/ggh-hphipipipi0gamma-powheg_03_test/NANOAOD_03_test
879
879
439500 entries in the dataset
lumi equivalent fb 59.130280354216616
isData =  false
lumiIntegrated= 39.54  year= 2018
--------------
TRIGGER: HLT_Photon35_TwoProngs35
PHOTONS =  ((Photon_pt>30 and Photon_isScEtaEB and Photon_mvaID_WP90) or (Photon_pt>30 and Photon_isScEtaEE and Photon_mvaID_WP80)) and Photon_pt>38 and Photon_electronVeto and abs(Photon_eta)<2.1
----------------------
Good Omega:  (omega_iso > 0.9 && omega_kin_pt > 20)
----------------------
Good D0Star:  (d0_iso > 0.95 && d0_kin_pt > 40 && d0_pion_pt > 15 && d0_kaon_pt > 5 && abs(d0_kin_mass - 1.865) < 2*0.03)
MAY12/2018/outname_mc1040_GFcat_OmegaCat_2018.root
snapshot_tdf DONE
MAY12/2018/outname_mc1040_GFcat_OmegaCat_2018.root
---------------- SUMMARY -------------
