python3 VGammaMeson_cat.py isGFtag isOmegaCat 1037 2018

pass JSON : pass=494000     all=494000     -- eff=100.00 % cumulative eff=100.00 %
one good PV: pass=494000     all=494000     -- eff=100.00 % cumulative eff=100.00 %
photon from nano >0 and PV_npvsGood > 0: pass=452747     all=494000     -- eff=91.65 % cumulative eff=91.65 %
pass triggers: pass=115567     all=452747     -- eff=25.53 % cumulative eff=23.39 %
At least one good Photon: pass=103503     all=115567     -- eff=89.56 % cumulative eff=20.95 %
nomega>0  : pass=101340     all=103503     -- eff=97.91 % cumulative eff=20.51 %
one good Omega (ptPhi, validfit, ptTracks): pass=76118      all=101340     -- eff=75.11 % cumulative eff=15.41 %
at least a good meson candidate: pass=63329      all=76118      -- eff=83.20 % cumulative eff=12.82 %
no leptons: pass=61998      all=63329      -- eff=97.90 % cumulative eff=12.55 %
0 or 1 jets (pt20, |eta|<4.7) or >=2 with dEta<3: pass=58054      all=61998      -- eff=93.64 % cumulative eff=11.75 %
1037
/work/submit/mariadlf/Hrare/D02/2018/ggh-homegagamma-powheg/NANOAOD_02
988
988
494000 entries in the dataset
lumi equivalent fb 11.399992984619702
isData =  false
lumiIntegrated= 39.54  year= 2018
--------------
TRIGGER: HLT_Photon35_TwoProngs35
PHOTONS =  ((Photon_pt>30 and Photon_isScEtaEB and Photon_mvaID_WP90) or (Photon_pt>30 and Photon_isScEtaEE and Photon_mvaID_WP80)) and Photon_pt>38 and Photon_electronVeto and abs(Photon_eta)<2.1
----------------------
Good Omega:  (omega_iso > 0.9 && omega_kin_pt > 20)
----------------------
Good D0Star:  (d0_iso > 0.95 && d0_kin_pt > 40 && d0_pion_pt > 15 && d0_kaon_pt > 5 && abs(d0_kin_mass - 1.865) < 2*0.03)
MAY11/2018/outname_mc1037_GFcat_OmegaCat_2018.root
snapshot_tdf DONE
MAY11/2018/outname_mc1037_GFcat_OmegaCat_2018.root
---------------- SUMMARY -------------
